#
#
#
#
#
#    Don't try viewing this report without a plog-converter utility!!!
#
#    plog-converter -a GA:1,2 -t tasklist -o report.tasks /path/to/this/file.log
#
#    A link to the documentation: https://www.viva64.com/en/m/0036/
#
#
#
#
#
d99cf3ba-6fcd-43f9-9260-1179fa3a9bed
r-vUVbw<6y|D3 h22y|D3*GJy|D3(L8Pu(U2u/( -2u=(ka8jU(uUw'8ha=u(28>j>hP(28>j>hP}Ly|D3uaa8ay|D3r[VSy|D3$ckUaoc8 c'8>_-o-8>U2cu/kau==-8>c-=cU2]Uf=c U2=u%caL=}vU2hu}uPkof;^}y|D3 U2=uy|D3Jy|D3c- c;2L=}vU2hu}uPkof;^^cdy|D3cc- c;aL=}vU2hu}uPkof;^cppc;aL=}vU2hu}=-:u;^cmmcxcZZcaL=}vU2hu!S"cmmcS^^cdy|D3cccauoha>coahuny|D3y|D3{4<w[GS
r-vUVbw<6y|D3 h22y|D3J*iy|D3(L8Pu(U2u/( -2u=(ka8jU(uUw'8ha=u(28>j>hP(,u=o2-9x}Ly|D3uaa8ay|D3r[Siy|D3,LucNoLa8]Nc8kuaUo8ac->=-_ucoLuc_u=oah'o8ac=L8h2_c9uck2U'u_c]-oL->coLucoaf}}'Uo'Lc928's}cCU-=->jcu/'uko-8>c->=-_ucoLuc_u=oah'o8ac-=c-22ujU2}y|D3 U2=uy|D3Jy|D3cccccccccccccccc- c;KKou=oKoLa8]Ku/'uko-8>^cdy|D3ccccccccccccccccccccoLa8]c=o_%%ah>o-PuKuaa8a;8=}=oa;^^nc(((c\r.cr[SicwcoLa8]c->=-_uc_u=oah'o8ac-=c-22ujU2y|D3ccccccccccccccccBy|D3y|D3{4<wJbX
r-vUVbw<6y|D3 h22y|D3b[y|D3(L8Pu(U2u/( -2u=(ka8jU(uUw'8ha=u(28>j>hP(ou=o}Ly|D3uaa8ay|D3r[JJy|D3,LuaucP-jLoc9uc_uau uau>'->jc8 cUck8ou>o-U2c>h22ck8->ouacNPfK'LUaN}c{Lu'sc2->u=%cb[Ecbb}y|D3 U2=uy|D3Jy|D3cccccccc'LUa+cPfK'LUacmc;'LUa+^PU228';Qc+c=-:u8 ;'LUa^^ny|D3ccPfK'LUa!S"cmcNwNny|D3cc 8ac;->oc-cmcxnc-cycQnctt-^cdy|D3b[Ebby|D3{4<wViS
r-vUVbw<6y|D3 h22y|D3XJy|D3(L8Pu(U2u/( -2u=(ka8jU(uUw'8ha=u(28>j>hP(ou=o}Ly|D3uaa8ay|D3r[Sxy|D3,LuaucUauc-_u>o-'U2c=h9wu/kau==-8>=co8coLuc2u ocU>_co8coLuca-jLoc8 coLucNZZNc8kuaUo8a%c;28>jxcmmc28>jJ^cZZc;28>jJcmmc28>jx^y|D3 U2=uy|D3xy|D3cc@8>jQhPc28>jxEc28>jJ;S^ny|D3cc$..<C,K6.H;;28>jxcmmc28>jJ^cZZc;28>jJcmmc28>jx^EcRSc-=cu~hU2co8cSR^ny|D3cBy|D3y|D3{4<w[Gx
r-vUVbw<6y|D3 h22y|D3XVy|D3(L8Pu(U2u/( -2u=(ka8jU(uUw'8ha=u(28>j>hP(ou=o}Ly|D3uaa8ay|D3r[Sxy|D3,LuaucUauc-_u>o-'U2c=h9wu/kau==-8>=co8coLuc2u ocU>_co8coLuca-jLoc8 coLucNZZNc8kuaUo8a%c&;28>jxcmmc28>jJ^cZZ&;28>jJcmmc28>jx^y|D3 U2=uy|D3xy|D3cc@8>jQhPc28>jxEc28>jJ;[^ny|D3cc$..<C,K6.H;&;28>jxcmmc28>jJ^cZZc&;28>jJcmmc28>jx^EcRSc-=c>8ocu~hU2co8c[R^ny|D3cBy|D3y|D3{4<w[Gx
r-vUVbw<6y|D3 h22y|D3iSy|D3(L8Pu(U2u/( -2u=(ka8jU(uUw'8ha=u(28>j>hP(ou=o}Ly|D3uaa8ay|D3r[Sxy|D3,LuaucUauc-_u>o-'U2c=h9wu/kau==-8>=co8coLuc2u ocU>_co8coLuca-jLoc8 coLucNZZNc8kuaUo8a%c&;28>jxcmmc28>jJ^cZZ&;28>jJcmmc28>jx^y|D3 U2=uy|D3xy|D3cc@8>jQhPc28>jx;RwxJ*b[VGXiSR^Ec28>jJ;xJ*b[VGXiS^ny|D3cc$..<C,K6.H;&;28>jxcmmc28>jJ^cZZc&;28>jJcmmc28>jx^EcRxJ*b[VGXiSc-=c>8ocu~hU2co8cwxJ*b[VGXiSR^ny|D3cBy|D3y|D3{4<w[Gx
r-vUVbw<6y|D3 h22y|D3iby|D3(L8Pu(U2u/( -2u=(ka8jU(uUw'8ha=u(28>j>hP(ou=o}Ly|D3uaa8ay|D3r[Sxy|D3,LuaucUauc-_u>o-'U2c=h9wu/kau==-8>=co8coLuc2u ocU>_co8coLuca-jLoc8 coLucNZZNc8kuaUo8a%c;28>jxc&mc28>jJ^cZZc;28>jJc&mc28>jx^y|D3 U2=uy|D3xy|D3cc@8>jQhPc28>jx;RwxJ*b[VGXiSR^Ec28>jJ;xJ*b[VGXiS^ny|D3cc$..<C,K6.H;;28>jxc&mc28>jJ^cZZc;28>jJc&mc28>jx^EcRxJ*b[VGXiSc-=c>8ocu~hU2co8cwxJ*b[VGXiSR^ny|D3cBy|D3y|D3{4<w[Gx
r-vUVbw<6y|D3 h22y|D3iiy|D3(L8Pu(U2u/( -2u=(ka8jU(uUw'8ha=u(28>j>hP(ou=o}Ly|D3uaa8ay|D3r[Sxy|D3,LuaucUauc-_u>o-'U2c=h9wu/kau==-8>=co8coLuc2u ocU>_co8coLuca-jLoc8 coLucNZZNc8kuaUo8a%c;28>jxc&mcPfK->o^cZZc;PfK->oc&mc28>jx^y|D3 U2=uy|D3xy|D3cc->ocPfK->ocmcxJ*b[VGXiSny|D3cc$..<C,K6.H;;28>jxc&mcPfK->o^cZZc;PfK->oc&mc28>jx^EcRxJ*b[VGXiSc-=c>8ocu~hU2co8cwxJ*b[VGXiSR^ny|D3cBcy|D3y|D3{4<w[Gx
r-vUVbw<6y|D3 h22y|D3JS[y|D3(L8Pu(U2u/( -2u=(ka8jU(uUw'8ha=u(28>j>hP(ou=o}Ly|D3uaa8ay|D3rxSxiy|D3{8Pk8h>_cU==-j>Pu>ocu/kau==-8>cN28>jxctmc28>jJNc-=ch=u_c->=-_uc'8>_-o-8>}y|D3 U2=uy|D3*y|D3cc@8>jQhPc28>jx;2x^Ec28>jJ;2J^ny|D3cc$..<C,K6.H;;28>jxctmc28>jJ^cmmc@8>jQhP;2xctc2J^EcRwxxxxxxxxxxctmcwJJJJJJJJJJcmcw**********R^ny|D3cc$..<C,K6.H;28>jxcmmc@8>jQhP;2xctc2J^cZZc28>jJcmmc@8>jQhP;2J^EcR$jahPu>oxc'LU>jucU>_cUajhPu>ocJc_-_c>8oc'LU>juR^nccy|D3y|D3
r-vUVbw<6y|D3 h22y|D3JXJy|D3(L8Pu(U2u/( -2u=(ka8jU(uUw'8ha=u(28>j>hP(ou=o}Ly|D3uaa8ay|D3rxSxiy|D3{8Pk8h>_cU==-j>Pu>ocu/kau==-8>cN28>jxcwmc28>jJNc-=ch=u_c->=-_uc'8>_-o-8>}y|D3 U2=uy|D3*y|D3cc@8>jQhPc28>jx;2x^Ec28>jJ;2J^ny|D3cc$..<C,K6.H;;28>jxcwmc28>jJ^cmmc@8>jQhP;2xcwc2J^EcRxxxxxxxxxxcwmcJJJJJJJJJJcmcwxxxxxxxxxxR^ny|D3cc$..<C,K6.H;28>jxcmmc@8>jQhP;2xcwc2J^cZZc28>jJcmmc@8>jQhP;2J^EcR$jahPu>oxc'LU>ju_cU>_cUajhPu>ocJc_-_c>8oc'LU>juR^nccy|D3y|D3
r-vUVbw<6y|D3 h22y|D3**Xy|D3(L8Pu(U2u/( -2u=(ka8jU(uUw'8ha=u(28>j>hP(ou=o}Ly|D3uaa8ay|D3rxSxiy|D3{8Pk8h>_cU==-j>Pu>ocu/kau==-8>cN28>jxc+mc28>jJNc-=ch=u_c->=-_uc'8>_-o-8>}y|D3 U2=uy|D3*y|D3cc@8>jQhPc28>jx;2x^Ec28>jJ;2J^ny|D3cc$..<C,K6.H;;28>jxc+mc28>jJ^cmmc@8>jQhP;2xc+c2J^EcRxxxxxxxxxxc+mcJJJJJJJJJJR^ny|D3cc$..<C,K6.H;28>jxcmmc@8>jQhP;2xc+c2J^cZZc28>jJcmmc@8>jQhP;2J^EcR$jahPu>oxc'LU>ju_cU>_cUajhPu>ocJc_-_c>8oc'LU>juR^nccy|D3y|D3
r-vUVbw<6y|D3 h22y|D3bSby|D3(L8Pu(U2u/( -2u=(ka8jU(uUw'8ha=u(28>j>hP(ou=o}Ly|D3uaa8ay|D3rxSxiy|D3{8Pk8h>_cU==-j>Pu>ocu/kau==-8>cN28>jxc(mc28>jJNc-=ch=u_c->=-_uc'8>_-o-8>}y|D3 U2=uy|D3*y|D3cc@8>jQhPc28>jx;2x^Ec28>jJ;2J^ny|D3cc$..<C,K6.H;;28>jxc(mc28>jJ^cmmc@8>jQhP;2xc(c2J^EcRxxxxxxxxxxc(mcJJJJJJJJJJR^ny|D3cc$..<C,K6.H;28>jxcmmc@8>jQhP;2xc(c2J^cZZc28>jJcmmc@8>jQhP;2J^EcR$jahPu>oxc'LU>ju_cU>_cUajhPu>ocJc_-_c>8oc'LU>juR^nccy|D3y|D3
r-vUVbw<6y|D3 h22y|D3J*Xy|D3(L8Pu(U2u/( -2u=(ka8jU(uUw'8ha=u(28>j>hP(28>j>hP}Ly|D3uaa8ay|D3rG*Sy|D3Q8ocU22cPuP9ua=c8 cUc'2U==cUauc->-o-U2-:u_c->=-_ucoLuc'8>=oah'o8a}c{8>=-_uac->=ku'o->j%cK=-j>}y|D3 U2=uy|D3Jy|D3y|D3@8>jQhP%%c@8>jQhP;'8>=och>=-j>u_c28>jc28>jcZ>u]KvU2hu^cdy|D3ch>=-j>u_c28>jc28>jcoPkcmc>u]KvU2huny|D3y|D3{4<wb[G
r-vUVbw<6y|D3 h22y|D3J[Gy|D3(L8Pu(U2u/( -2u=(ka8jU(uUw'8ha=u(28>j>hP(28>j>hP}Ly|D3uaa8ay|D3rG*Sy|D3Q8ocU22cPuP9ua=c8 cUc'2U==cUauc->-o-U2-:u_c->=-_ucoLuc'8>=oah'o8a}c{8>=-_uac->=ku'o->j%cK=-j>}y|D3 U2=uy|D3Jy|D3y|D3@8>jQhP%%c@8>jQhP;'8>=oc->ocZ>u]KvU2hu^%c@8>jQhP%%c@8>jQhPc;;'8>=oc28>jc28>j^>u]KvU2hu^cdBy|D3y|D3y|D3{4<wb[G
